<?xml version="1.0" encoding="UTF-8"?>
<!-- Generated by org.testng.reporters.JUnitReportReporter -->
<testsuite name="base_Class.NewTest" tests="1" time="0.046" ignored="0" failures="0" timestamp="10 Jan 2017 10:05:34 GMT" skipped="0" hostname="powermax-PC" errors="0">
  <testcase name="f" time="0.046" classname="base_Class.NewTest"/>
</testsuite> <!-- base_Class.NewTest -->
